<?xml version="1.0" encoding="UTF-8"?>
<!-- Generated by org.testng.reporters.JUnitReportReporter -->
<testsuite hostname="DESKTOP-PEVCGOU" failures="0" tests="3" name="firstproject.Practice" time="1.279" errors="0" timestamp="2025-07-12T22:36:21 EET" skipped="1">
  <testcase classname="firstproject.Practice" name="login" time="0.532"/>
  <testcase classname="firstproject.Practice" name="additem" time="0.747"/>
  <testcase classname="firstproject.Practice" name="AddAllItemsToTheCart">
    <skipped/>
  </testcase> <!-- AddAllItemsToTheCart -->
</testsuite> <!-- firstproject.Practice -->
